Flow report for ov7670
Fri Jul 12 23:17:24 2024
Quartus Prime Version 20.1.0 Build 711 06/05/2020 SJ Lite Edition


---------------------
; Table of Contents ;
---------------------
  1. Legal Notice
  2. Flow Summary
  3. Flow Settings
  4. Flow Non-Default Global Settings
  5. Flow Elapsed Time
  6. Flow OS Summary
  7. Flow Log
  8. Flow Messages
  9. Flow Suppressed Messages



----------------
; Legal Notice ;
----------------
Copyright (C) 2020  Intel Corporation. All rights reserved.
Your use of Intel Corporation's design tools, logic functions 
and other software and tools, and any partner logic 
functions, and any output files from any of the foregoing 
(including device programming or simulation files), and any 
associated documentation or information are expressly subject 
to the terms and conditions of the Intel Program License 
Subscription Agreement, the Intel Quartus Prime License Agreement,
the Intel FPGA IP License Agreement, or other applicable license
agreement, including, without limitation, that your use is for
the sole purpose of programming logic devices manufactured by
Intel and sold by Intel or its authorized distributors.  Please
refer to the applicable agreement for further details, at
https://fpgasoftware.intel.com/eula.



+----------------------------------------------------------------------------------+
; Flow Summary                                                                     ;
+------------------------------------+---------------------------------------------+
; Flow Status                        ; Successful - Fri Jul 12 23:17:24 2024       ;
; Quartus Prime Version              ; 20.1.0 Build 711 06/05/2020 SJ Lite Edition ;
; Revision Name                      ; ov7670                                      ;
; Top-level Entity Name              ; top_design                                  ;
; Family                             ; Cyclone IV E                                ;
; Device                             ; EP4CE6F17C8                                 ;
; Timing Models                      ; Final                                       ;
; Total logic elements               ; 5,954 / 6,272 ( 95 % )                      ;
;     Total combinational functions  ; 5,842 / 6,272 ( 93 % )                      ;
;     Dedicated logic registers      ; 1,649 / 6,272 ( 26 % )                      ;
; Total registers                    ; 1716                                        ;
; Total pins                         ; 72 / 180 ( 40 % )                           ;
; Total virtual pins                 ; 0                                           ;
; Total memory bits                  ; 209,728 / 276,480 ( 76 % )                  ;
; Embedded Multiplier 9-bit elements ; 0 / 30 ( 0 % )                              ;
; Total PLLs                         ; 2 / 2 ( 100 % )                             ;
+------------------------------------+---------------------------------------------+


+-----------------------------------------+
; Flow Settings                           ;
+-------------------+---------------------+
; Option            ; Setting             ;
+-------------------+---------------------+
; Start date & time ; 07/12/2024 23:15:49 ;
; Main task         ; Compilation         ;
; Revision Name     ; ov7670              ;
+-------------------+---------------------+


+------------------------------------------------------------------------------------------------------------------------------------------------+
; Flow Non-Default Global Settings                                                                                                               ;
+-------------------------------------+----------------------------------------+---------------+-------------+-----------------------------------+
; Assignment Name                     ; Value                                  ; Default Value ; Entity Name ; Section Id                        ;
+-------------------------------------+----------------------------------------+---------------+-------------+-----------------------------------+
; COMPILER_SIGNATURE_ID               ; 172056106313304.172079734914316        ; --            ; --          ; --                                ;
; EDA_GENERATE_FUNCTIONAL_NETLIST     ; Off                                    ; --            ; --          ; eda_board_design_timing           ;
; EDA_GENERATE_FUNCTIONAL_NETLIST     ; Off                                    ; --            ; --          ; eda_board_design_boundary_scan    ;
; EDA_GENERATE_FUNCTIONAL_NETLIST     ; Off                                    ; --            ; --          ; eda_board_design_signal_integrity ;
; EDA_GENERATE_FUNCTIONAL_NETLIST     ; Off                                    ; --            ; --          ; eda_board_design_symbol           ;
; EDA_OUTPUT_DATA_FORMAT              ; Verilog Hdl                            ; --            ; --          ; eda_simulation                    ;
; EDA_SIMULATION_TOOL                 ; ModelSim-Altera (Verilog)              ; <None>        ; --          ; --                                ;
; EDA_TIME_SCALE                      ; 1 ps                                   ; --            ; --          ; eda_simulation                    ;
; ENABLE_SIGNALTAP                    ; On                                     ; --            ; --          ; --                                ;
; MAX_CORE_JUNCTION_TEMP              ; 85                                     ; --            ; --          ; --                                ;
; MIN_CORE_JUNCTION_TEMP              ; 0                                      ; --            ; --          ; --                                ;
; MISC_FILE                           ; servo_target_lut_inst.v                ; --            ; --          ; --                                ;
; MISC_FILE                           ; servo_target_lut_bb.v                  ; --            ; --          ; --                                ;
; MISC_FILE                           ; servo_lut_inst.v                       ; --            ; --          ; --                                ;
; MISC_FILE                           ; servo_lut_bb.v                         ; --            ; --          ; --                                ;
; MISC_FILE                           ; i2c_rom_inst.v                         ; --            ; --          ; --                                ;
; MISC_FILE                           ; i2c_rom_bb.v                           ; --            ; --          ; --                                ;
; MISC_FILE                           ; pll0_inst.v                            ; --            ; --          ; --                                ;
; MISC_FILE                           ; pll0_bb.v                              ; --            ; --          ; --                                ;
; MISC_FILE                           ; pll0.ppf                               ; --            ; --          ; --                                ;
; MISC_FILE                           ; pll1_inst.v                            ; --            ; --          ; --                                ;
; MISC_FILE                           ; pll1_bb.v                              ; --            ; --          ; --                                ;
; MISC_FILE                           ; pll1.ppf                               ; --            ; --          ; --                                ;
; MISC_FILE                           ; wrfifo_inst.v                          ; --            ; --          ; --                                ;
; MISC_FILE                           ; wrfifo_bb.v                            ; --            ; --          ; --                                ;
; NOMINAL_CORE_SUPPLY_VOLTAGE         ; 1.2V                                   ; --            ; --          ; --                                ;
; PARTITION_COLOR                     ; -- (Not supported for targeted family) ; --            ; top_design  ; Top                               ;
; PARTITION_FITTER_PRESERVATION_LEVEL ; -- (Not supported for targeted family) ; --            ; top_design  ; Top                               ;
; PARTITION_NETLIST_TYPE              ; -- (Not supported for targeted family) ; --            ; top_design  ; Top                               ;
; POWER_BOARD_THERMAL_MODEL           ; None (CONSERVATIVE)                    ; --            ; --          ; --                                ;
; POWER_PRESET_COOLING_SOLUTION       ; 23 MM HEAT SINK WITH 200 LFPM AIRFLOW  ; --            ; --          ; --                                ;
; PROJECT_OUTPUT_DIRECTORY            ; output_files                           ; --            ; --          ; --                                ;
; SLD_FILE                            ; db/stp1_auto_stripped.stp              ; --            ; --          ; --                                ;
; SMART_RECOMPILE                     ; On                                     ; Off           ; --          ; --                                ;
; TOP_LEVEL_ENTITY                    ; top_design                             ; ov7670        ; --          ; --                                ;
; USE_SIGNALTAP_FILE                  ; stp1.stp                               ; --            ; --          ; --                                ;
+-------------------------------------+----------------------------------------+---------------+-------------+-----------------------------------+


+--------------------------------------------------------------------------------------------------------------------------+
; Flow Elapsed Time                                                                                                        ;
+----------------------+--------------+-------------------------+---------------------+------------------------------------+
; Module Name          ; Elapsed Time ; Average Processors Used ; Peak Virtual Memory ; Total CPU Time (on all processors) ;
+----------------------+--------------+-------------------------+---------------------+------------------------------------+
; Analysis & Synthesis ; 00:00:41     ; 1.0                     ; 4886 MB             ; 00:01:08                           ;
; Fitter               ; 00:00:36     ; 1.2                     ; 5737 MB             ; 00:01:10                           ;
; Assembler            ; 00:00:01     ; 1.0                     ; 4700 MB             ; 00:00:01                           ;
; Timing Analyzer      ; 00:00:08     ; 1.3                     ; 4865 MB             ; 00:00:09                           ;
; EDA Netlist Writer   ; 00:00:02     ; 1.0                     ; 4670 MB             ; 00:00:02                           ;
; Total                ; 00:01:28     ; --                      ; --                  ; 00:02:30                           ;
+----------------------+--------------+-------------------------+---------------------+------------------------------------+


+------------------------------------------------------------------------------------+
; Flow OS Summary                                                                    ;
+----------------------+------------------+------------+------------+----------------+
; Module Name          ; Machine Hostname ; OS Name    ; OS Version ; Processor type ;
+----------------------+------------------+------------+------------+----------------+
; Analysis & Synthesis ; DESKTOP-IUT55G3  ; Windows 10 ; 10.0       ; x86_64         ;
; Fitter               ; DESKTOP-IUT55G3  ; Windows 10 ; 10.0       ; x86_64         ;
; Assembler            ; DESKTOP-IUT55G3  ; Windows 10 ; 10.0       ; x86_64         ;
; Timing Analyzer      ; DESKTOP-IUT55G3  ; Windows 10 ; 10.0       ; x86_64         ;
; EDA Netlist Writer   ; DESKTOP-IUT55G3  ; Windows 10 ; 10.0       ; x86_64         ;
+----------------------+------------------+------------+------------+----------------+


------------
; Flow Log ;
------------
quartus_map --read_settings_files=on --write_settings_files=off ov7670 -c ov7670
quartus_fit --read_settings_files=off --write_settings_files=off ov7670 -c ov7670
quartus_asm --read_settings_files=off --write_settings_files=off ov7670 -c ov7670
quartus_sta ov7670 -c ov7670
quartus_eda --read_settings_files=off --write_settings_files=off ov7670 -c ov7670



