MIF/HEX Update report for ov7670
Fri Jul 12 17:26:41 2024
Quartus Prime Version 20.1.0 Build 711 06/05/2020 SJ Lite Edition


---------------------
; Table of Contents ;
---------------------
  1. Legal Notice
  2. MIF/HEX Update Summary
  3. MIF/HEX Update Processed Files
  4. MIF/HEX Update Messages



----------------
; Legal Notice ;
----------------
Copyright (C) 2020  Intel Corporation. All rights reserved.
Your use of Intel Corporation's design tools, logic functions 
and other software and tools, and any partner logic 
functions, and any output files from any of the foregoing 
(including device programming or simulation files), and any 
associated documentation or information are expressly subject 
to the terms and conditions of the Intel Program License 
Subscription Agreement, the Intel Quartus Prime License Agreement,
the Intel FPGA IP License Agreement, or other applicable license
agreement, including, without limitation, that your use is for
the sole purpose of programming logic devices manufactured by
Intel and sold by Intel or its authorized distributors.  Please
refer to the applicable agreement for further details, at
https://fpgasoftware.intel.com/eula.



+---------------------------------------------------------------+
; MIF/HEX Update Summary                                        ;
+-----------------------+---------------------------------------+
; MIF/HEX Update Status ; Successful - Fri Jul 12 17:26:41 2024 ;
; Revision Name         ; ov7670                                ;
; Top-level Entity Name ; top_design                            ;
; Family                ; Cyclone IV E                          ;
; Device                ; EP4CE6F17C8                           ;
+-----------------------+---------------------------------------+


+---------------------------------------------------------------------+
; MIF/HEX Update Processed Files                                      ;
+---------------------------------------------------------------------+
; File Name                                                           ;
+---------------------------------------------------------------------+
; C:/Users/w2016/Desktop/ov7670-much_change/ov7670-xclk/i2c_data.hex  ;
; C:/Users/w2016/Desktop/ov7670-much_change/ov7670-xclk/servo_lut.hex ;
; C:/Users/w2016/Desktop/ov7670-much_change/ov7670-xclk/target.hex    ;
+---------------------------------------------------------------------+


+-------------------------+
; MIF/HEX Update Messages ;
+-------------------------+
Info: *******************************************************************
Info: Running Quartus Prime MIF/HEX Update
    Info: Version 20.1.0 Build 711 06/05/2020 SJ Lite Edition
    Info: Processing started: Fri Jul 12 17:26:40 2024
Info: Command: quartus_cdb ov7670 -c ov7670 --update_mif
Warning (18236): Number of processors has not been specified which may cause overloading on shared machines.  Set the global assignment NUM_PARALLEL_PROCESSORS in your QSF to an appropriate value for best performance.
Warning (39023): Can't find Memory Initialization File i2c_data_lut.hex -- skipped updates for this file
Critical Warning (127005): Memory depth (4096) in the design file differs from memory depth (3969) in the Memory Initialization File "C:/Users/w2016/Desktop/ov7670-much_change/ov7670-xclk/servo_lut.hex" -- setting initial value for remaining addresses to 0
Critical Warning (127005): Memory depth (512) in the design file differs from memory depth (285) in the Memory Initialization File "C:/Users/w2016/Desktop/ov7670-much_change/ov7670-xclk/i2c_data.hex" -- setting initial value for remaining addresses to 0
Info (39024): Processed the following Memory Initialization File(s)
    Info (39025): Processed Memory Initialization File C:/Users/w2016/Desktop/ov7670-much_change/ov7670-xclk/i2c_data.hex File: C:/Users/w2016/Desktop/ov7670-much_change/ov7670-xclk/i2c_data.hex Line: 0
    Info (39025): Processed Memory Initialization File C:/Users/w2016/Desktop/ov7670-much_change/ov7670-xclk/servo_lut.hex File: C:/Users/w2016/Desktop/ov7670-much_change/ov7670-xclk/servo_lut.hex Line: 0
    Info (39025): Processed Memory Initialization File C:/Users/w2016/Desktop/ov7670-much_change/ov7670-xclk/target.hex File: C:/Users/w2016/Desktop/ov7670-much_change/ov7670-xclk/target.hex Line: 0
Info: Quartus Prime MIF/HEX Update was successful. 0 errors, 4 warnings
    Info: Peak virtual memory: 4713 megabytes
    Info: Processing ended: Fri Jul 12 17:26:41 2024
    Info: Elapsed time: 00:00:01
    Info: Total CPU time (on all processors): 00:00:01


